# JRE version: OpenJDK Runtime Environment (8.0_242-b01) (build 1.8.0_242-release-1644-b01)
# Java VM: OpenJDK 64-Bit Server VM (25.242-b01 mixed mode windows-amd64 compressed oops)
Heap:
 PSYoungGen      total 234496K, used 88693K [0x00000000d5580000, 0x00000000e4e00000, 0x0000000100000000)
  eden space 214528K, 32% used [0x00000000d5580000,0x00000000d98a2b28,0x00000000e2700000)
  from space 19968K, 99% used [0x00000000e2700000,0x00000000e3a7a9b0,0x00000000e3a80000)
  to   space 16896K, 0% used [0x00000000e3d80000,0x00000000e3d80000,0x00000000e4e00000)
 ParOldGen       total 131072K, used 54174K [0x0000000080000000, 0x0000000088000000, 0x00000000d5580000)
  object space 131072K, 41% used [0x0000000080000000,0x00000000834e7b20,0x0000000088000000)
 Metaspace       used 88437K, capacity 92886K, committed 93104K, reserved 1130496K
  class space    used 11570K, capacity 12459K, committed 12464K, reserved 1048576K
GC Heap History (10 events):
Event: 11.136 GC heap before
{Heap before GC invocations=14 (full 2):
 PSYoungGen      total 163840K, used 77655K [0x00000000d5580000, 0x00000000e2a80000, 0x0000000100000000)
  eden space 152064K, 43% used [0x00000000d5580000,0x00000000d95d8ea0,0x00000000dea00000)
  from space 11776K, 99% used [0x00000000dea00000,0x00000000df57cf28,0x00000000df580000)
  to   space 16896K, 0% used [0x00000000e1a00000,0x00000000e1a00000,0x00000000e2a80000)
 ParOldGen       total 81408K, used 23835K [0x0000000080000000, 0x0000000084f80000, 0x00000000d5580000)
  object space 81408K, 29% used [0x0000000080000000,0x0000000081746d68,0x0000000084f80000)
 Metaspace       used 56935K, capacity 59116K, committed 59160K, reserved 1099776K
  class space    used 7608K, capacity 8105K, committed 8112K, reserved 1048576K
Event: 11.158 GC heap after
Heap after GC invocations=14 (full 2):
 PSYoungGen      total 202240K, used 7924K [0x00000000d5580000, 0x00000000e3780000, 0x0000000100000000)
  eden space 185344K, 0% used [0x00000000d5580000,0x00000000d5580000,0x00000000e0a80000)
  from space 16896K, 46% used [0x00000000e1a00000,0x00000000e21bd2e0,0x00000000e2a80000)
  to   space 15872K, 0% used [0x00000000e0a80000,0x00000000e0a80000,0x00000000e1a00000)
 ParOldGen       total 81408K, used 30907K [0x0000000080000000, 0x0000000084f80000, 0x00000000d5580000)
  object space 81408K, 37% used [0x0000000080000000,0x0000000081e2efb8,0x0000000084f80000)
 Metaspace       used 56935K, capacity 59116K, committed 59160K, reserved 1099776K
  class space    used 7608K, capacity 8105K, committed 8112K, reserved 1048576K
}
Event: 11.158 GC heap before
{Heap before GC invocations=15 (full 3):
 PSYoungGen      total 202240K, used 7924K [0x00000000d5580000, 0x00000000e3780000, 0x0000000100000000)
  eden space 185344K, 0% used [0x00000000d5580000,0x00000000d5580000,0x00000000e0a80000)
  from space 16896K, 46% used [0x00000000e1a00000,0x00000000e21bd2e0,0x00000000e2a80000)
  to   space 15872K, 0% used [0x00000000e0a80000,0x00000000e0a80000,0x00000000e1a00000)
 ParOldGen       total 81408K, used 30907K [0x0000000080000000, 0x0000000084f80000, 0x00000000d5580000)
  object space 81408K, 37% used [0x0000000080000000,0x0000000081e2efb8,0x0000000084f80000)
 Metaspace       used 56935K, capacity 59116K, committed 59160K, reserved 1099776K
  class space    used 7608K, capacity 8105K, committed 8112K, reserved 1048576K
Event: 11.545 GC heap after
Heap after GC invocations=15 (full 3):
 PSYoungGen      total 202240K, used 0K [0x00000000d5580000, 0x00000000e3780000, 0x0000000100000000)
  eden space 185344K, 0% used [0x00000000d5580000,0x00000000d5580000,0x00000000e0a80000)
  from space 16896K, 0% used [0x00000000e1a00000,0x00000000e1a00000,0x00000000e2a80000)
  to   space 15872K, 0% used [0x00000000e0a80000,0x00000000e0a80000,0x00000000e1a00000)
 ParOldGen       total 131072K, used 32407K [0x0000000080000000, 0x0000000088000000, 0x00000000d5580000)
  object space 131072K, 24% used [0x0000000080000000,0x0000000081fa5e68,0x0000000088000000)
 Metaspace       used 56802K, capacity 58792K, committed 59160K, reserved 1099776K
  class space    used 7570K, capacity 8056K, committed 8112K, reserved 1048576K
}
Event: 13.698 GC heap before
{Heap before GC invocations=16 (full 3):
 PSYoungGen      total 202240K, used 185344K [0x00000000d5580000, 0x00000000e3780000, 0x0000000100000000)
  eden space 185344K, 100% used [0x00000000d5580000,0x00000000e0a80000,0x00000000e0a80000)
  from space 16896K, 0% used [0x00000000e1a00000,0x00000000e1a00000,0x00000000e2a80000)
  to   space 15872K, 0% used [0x00000000e0a80000,0x00000000e0a80000,0x00000000e1a00000)
 ParOldGen       total 131072K, used 32407K [0x0000000080000000, 0x0000000088000000, 0x00000000d5580000)
  object space 131072K, 24% used [0x0000000080000000,0x0000000081fa5e68,0x0000000088000000)
 Metaspace       used 66895K, capacity 69400K, committed 69680K, reserved 1110016K
  class space    used 9109K, capacity 9653K, committed 9776K, reserved 1048576K
Event: 13.732 GC heap after
Heap after GC invocations=16 (full 3):
 PSYoungGen      total 201216K, used 15859K [0x00000000d5580000, 0x00000000e4f00000, 0x0000000100000000)
  eden space 185344K, 0% used [0x00000000d5580000,0x00000000d5580000,0x00000000e0a80000)
  from space 15872K, 99% used [0x00000000e0a80000,0x00000000e19fcf18,0x00000000e1a00000)
  to   space 17920K, 0% used [0x00000000e3d80000,0x00000000e3d80000,0x00000000e4f00000)
 ParOldGen       total 131072K, used 32555K [0x0000000080000000, 0x0000000088000000, 0x00000000d5580000)
  object space 131072K, 24% used [0x0000000080000000,0x0000000081fcadd0,0x0000000088000000)
 Metaspace       used 66895K, capacity 69400K, committed 69680K, reserved 1110016K
  class space    used 9109K, capacity 9653K, committed 9776K, reserved 1048576K
}
Event: 33.472 GC heap before
{Heap before GC invocations=17 (full 3):
 PSYoungGen      total 201216K, used 201203K [0x00000000d5580000, 0x00000000e4f00000, 0x0000000100000000)
  eden space 185344K, 100% used [0x00000000d5580000,0x00000000e0a80000,0x00000000e0a80000)
  from space 15872K, 99% used [0x00000000e0a80000,0x00000000e19fcf18,0x00000000e1a00000)
  to   space 17920K, 0% used [0x00000000e3d80000,0x00000000e3d80000,0x00000000e4f00000)
 ParOldGen       total 131072K, used 32555K [0x0000000080000000, 0x0000000088000000, 0x00000000d5580000)
  object space 131072K, 24% used [0x0000000080000000,0x0000000081fcadd0,0x0000000088000000)
 Metaspace       used 77741K, capacity 81630K, committed 81840K, reserved 1120256K
  class space    used 10381K, capacity 11169K, committed 11184K, reserved 1048576K
Event: 33.522 GC heap after
Heap after GC invocations=17 (full 3):
 PSYoungGen      total 231424K, used 16436K [0x00000000d5580000, 0x00000000e4e00000, 0x0000000100000000)
  eden space 214528K, 0% used [0x00000000d5580000,0x00000000d5580000,0x00000000e2700000)
  from space 16896K, 97% used [0x00000000e3d80000,0x00000000e4d8d1a8,0x00000000e4e00000)
  to   space 19968K, 0% used [0x00000000e2700000,0x00000000e2700000,0x00000000e3a80000)
 ParOldGen       total 131072K, used 41970K [0x0000000080000000, 0x0000000088000000, 0x00000000d5580000)
  object space 131072K, 32% used [0x0000000080000000,0x00000000828fca28,0x0000000088000000)
 Metaspace       used 77741K, capacity 81630K, committed 81840K, reserved 1120256K
  class space    used 10381K, capacity 11169K, committed 11184K, reserved 1048576K
}
Event: 43.034 GC heap before
{Heap before GC invocations=18 (full 3):
 PSYoungGen      total 231424K, used 230964K [0x00000000d5580000, 0x00000000e4e00000, 0x0000000100000000)
  eden space 214528K, 100% used [0x00000000d5580000,0x00000000e2700000,0x00000000e2700000)
  from space 16896K, 97% used [0x00000000e3d80000,0x00000000e4d8d1a8,0x00000000e4e00000)
  to   space 19968K, 0% used [0x00000000e2700000,0x00000000e2700000,0x00000000e3a80000)
 ParOldGen       total 131072K, used 41970K [0x0000000080000000, 0x0000000088000000, 0x00000000d5580000)
  object space 131072K, 32% used [0x0000000080000000,0x00000000828fca28,0x0000000088000000)
 Metaspace       used 85747K, capacity 90166K, committed 90288K, reserved 1128448K
  class space    used 11300K, capacity 12175K, committed 12208K, reserved 1048576K
Event: 43.079 GC heap after
Heap after GC invocations=18 (full 3):
 PSYoungGen      total 234496K, used 19946K [0x00000000d5580000, 0x00000000e4e00000, 0x0000000100000000)
  eden space 214528K, 0% used [0x00000000d5580000,0x00000000d5580000,0x00000000e2700000)
  from space 19968K, 99% used [0x00000000e2700000,0x00000000e3a7a9b0,0x00000000e3a80000)
  to   space 16896K, 0% used [0x00000000e3d80000,0x00000000e3d80000,0x00000000e4e00000)
 ParOldGen       total 131072K, used 54174K [0x0000000080000000, 0x0000000088000000, 0x00000000d5580000)
  object space 131072K, 41% used [0x0000000080000000,0x00000000834e7b20,0x0000000088000000)
 Metaspace       used 85747K, capacity 90166K, committed 90288K, reserved 1128448K
  class space    used 11300K, capacity 12175K, committed 12208K, reserved 1048576K
}

