# JRE version: OpenJDK Runtime Environment (8.0_242-b01) (build 1.8.0_242-release-1644-b01)
# Java VM: OpenJDK 64-Bit Server VM (25.242-b01 mixed mode windows-amd64 compressed oops)
Heap:
 PSYoungGen      total 252928K, used 168588K [0x00000000d5580000, 0x00000000e7180000, 0x0000000100000000)
  eden space 223232K, 64% used [0x00000000d5580000,0x00000000de22c4d0,0x00000000e2f80000)
  from space 29696K, 82% used [0x00000000e4e80000,0x00000000e6676e60,0x00000000e6b80000)
  to   space 31744K, 0% used [0x00000000e2f80000,0x00000000e2f80000,0x00000000e4e80000)
 ParOldGen       total 146432K, used 58939K [0x0000000080000000, 0x0000000088f00000, 0x00000000d5580000)
  object space 146432K, 40% used [0x0000000080000000,0x000000008398eee8,0x0000000088f00000)
 Metaspace       used 103149K, capacity 108170K, committed 108336K, reserved 1144832K
  class space    used 13543K, capacity 14527K, committed 14640K, reserved 1048576K
GC Heap History (10 events):
Event: 40.426 GC heap before
{Heap before GC invocations=20 (full 3):
 PSYoungGen      total 216576K, used 213419K [0x00000000d5580000, 0x00000000e4580000, 0x0000000100000000)
  eden space 192512K, 100% used [0x00000000d5580000,0x00000000e1180000,0x00000000e1180000)
  from space 24064K, 86% used [0x00000000e2c80000,0x00000000e40eacb0,0x00000000e4400000)
  to   space 26624K, 0% used [0x00000000e1180000,0x00000000e1180000,0x00000000e2b80000)
 ParOldGen       total 146432K, used 51048K [0x0000000080000000, 0x0000000088f00000, 0x00000000d5580000)
  object space 146432K, 34% used [0x0000000080000000,0x00000000831da290,0x0000000088f00000)
 Metaspace       used 87591K, capacity 91936K, committed 92080K, reserved 1128448K
  class space    used 11502K, capacity 12392K, committed 12464K, reserved 1048576K
Event: 40.450 GC heap after
Heap after GC invocations=20 (full 3):
 PSYoungGen      total 219136K, used 16191K [0x00000000d5580000, 0x00000000e5380000, 0x0000000100000000)
  eden space 192512K, 0% used [0x00000000d5580000,0x00000000d5580000,0x00000000e1180000)
  from space 26624K, 60% used [0x00000000e1180000,0x00000000e214fc10,0x00000000e2b80000)
  to   space 26624K, 0% used [0x00000000e3980000,0x00000000e3980000,0x00000000e5380000)
 ParOldGen       total 146432K, used 51056K [0x0000000080000000, 0x0000000088f00000, 0x00000000d5580000)
  object space 146432K, 34% used [0x0000000080000000,0x00000000831dc290,0x0000000088f00000)
 Metaspace       used 87591K, capacity 91936K, committed 92080K, reserved 1128448K
  class space    used 11502K, capacity 12392K, committed 12464K, reserved 1048576K
}
Event: 44.523 GC heap before
{Heap before GC invocations=21 (full 3):
 PSYoungGen      total 219136K, used 208703K [0x00000000d5580000, 0x00000000e5380000, 0x0000000100000000)
  eden space 192512K, 100% used [0x00000000d5580000,0x00000000e1180000,0x00000000e1180000)
  from space 26624K, 60% used [0x00000000e1180000,0x00000000e214fc10,0x00000000e2b80000)
  to   space 26624K, 0% used [0x00000000e3980000,0x00000000e3980000,0x00000000e5380000)
 ParOldGen       total 146432K, used 51056K [0x0000000080000000, 0x0000000088f00000, 0x00000000d5580000)
  object space 146432K, 34% used [0x0000000080000000,0x00000000831dc290,0x0000000088f00000)
 Metaspace       used 93395K, capacity 97904K, committed 98224K, reserved 1134592K
  class space    used 12202K, capacity 13116K, committed 13232K, reserved 1048576K
Event: 44.574 GC heap after
Heap after GC invocations=21 (full 3):
 PSYoungGen      total 230912K, used 23652K [0x00000000d5580000, 0x00000000e5900000, 0x0000000100000000)
  eden space 204288K, 0% used [0x00000000d5580000,0x00000000d5580000,0x00000000e1d00000)
  from space 26624K, 88% used [0x00000000e3980000,0x00000000e5099180,0x00000000e5380000)
  to   space 29184K, 0% used [0x00000000e1d00000,0x00000000e1d00000,0x00000000e3980000)
 ParOldGen       total 146432K, used 51064K [0x0000000080000000, 0x0000000088f00000, 0x00000000d5580000)
  object space 146432K, 34% used [0x0000000080000000,0x00000000831de290,0x0000000088f00000)
 Metaspace       used 93395K, capacity 97904K, committed 98224K, reserved 1134592K
  class space    used 12202K, capacity 13116K, committed 13232K, reserved 1048576K
}
Event: 46.191 GC heap before
{Heap before GC invocations=22 (full 3):
 PSYoungGen      total 230912K, used 76314K [0x00000000d5580000, 0x00000000e5900000, 0x0000000100000000)
  eden space 204288K, 25% used [0x00000000d5580000,0x00000000d88ed768,0x00000000e1d00000)
  from space 26624K, 88% used [0x00000000e3980000,0x00000000e5099180,0x00000000e5380000)
  to   space 29184K, 0% used [0x00000000e1d00000,0x00000000e1d00000,0x00000000e3980000)
 ParOldGen       total 146432K, used 51064K [0x0000000080000000, 0x0000000088f00000, 0x00000000d5580000)
  object space 146432K, 34% used [0x0000000080000000,0x00000000831de290,0x0000000088f00000)
 Metaspace       used 94010K, capacity 98518K, committed 98600K, reserved 1134592K
  class space    used 12272K, capacity 13209K, committed 13232K, reserved 1048576K
Event: 46.245 GC heap after
Heap after GC invocations=22 (full 3):
 PSYoungGen      total 233472K, used 20133K [0x00000000d5580000, 0x00000000e6b80000, 0x0000000100000000)
  eden space 204288K, 0% used [0x00000000d5580000,0x00000000d5580000,0x00000000e1d00000)
  from space 29184K, 68% used [0x00000000e1d00000,0x00000000e30a9420,0x00000000e3980000)
  to   space 29696K, 0% used [0x00000000e4e80000,0x00000000e4e80000,0x00000000e6b80000)
 ParOldGen       total 146432K, used 51072K [0x0000000080000000, 0x0000000088f00000, 0x00000000d5580000)
  object space 146432K, 34% used [0x0000000080000000,0x00000000831e0290,0x0000000088f00000)
 Metaspace       used 94010K, capacity 98518K, committed 98600K, reserved 1134592K
  class space    used 12272K, capacity 13209K, committed 13232K, reserved 1048576K
}
Event: 46.245 GC heap before
{Heap before GC invocations=23 (full 4):
 PSYoungGen      total 233472K, used 20133K [0x00000000d5580000, 0x00000000e6b80000, 0x0000000100000000)
  eden space 204288K, 0% used [0x00000000d5580000,0x00000000d5580000,0x00000000e1d00000)
  from space 29184K, 68% used [0x00000000e1d00000,0x00000000e30a9420,0x00000000e3980000)
  to   space 29696K, 0% used [0x00000000e4e80000,0x00000000e4e80000,0x00000000e6b80000)
 ParOldGen       total 146432K, used 51072K [0x0000000080000000, 0x0000000088f00000, 0x00000000d5580000)
  object space 146432K, 34% used [0x0000000080000000,0x00000000831e0290,0x0000000088f00000)
 Metaspace       used 94010K, capacity 98518K, committed 98600K, reserved 1134592K
  class space    used 12272K, capacity 13209K, committed 13232K, reserved 1048576K
Event: 46.698 GC heap after
Heap after GC invocations=23 (full 4):
 PSYoungGen      total 233472K, used 0K [0x00000000d5580000, 0x00000000e6b80000, 0x0000000100000000)
  eden space 204288K, 0% used [0x00000000d5580000,0x00000000d5580000,0x00000000e1d00000)
  from space 29184K, 0% used [0x00000000e1d00000,0x00000000e1d00000,0x00000000e3980000)
  to   space 29696K, 0% used [0x00000000e4e80000,0x00000000e4e80000,0x00000000e6b80000)
 ParOldGen       total 146432K, used 58931K [0x0000000080000000, 0x0000000088f00000, 0x00000000d5580000)
  object space 146432K, 40% used [0x0000000080000000,0x000000008398cee8,0x0000000088f00000)
 Metaspace       used 93640K, capacity 97448K, committed 98600K, reserved 1134592K
  class space    used 12152K, capacity 12998K, committed 13232K, reserved 1048576K
}
Event: 49.703 GC heap before
{Heap before GC invocations=24 (full 4):
 PSYoungGen      total 233472K, used 204280K [0x00000000d5580000, 0x00000000e6b80000, 0x0000000100000000)
  eden space 204288K, 99% used [0x00000000d5580000,0x00000000e1cfe078,0x00000000e1d00000)
  from space 29184K, 0% used [0x00000000e1d00000,0x00000000e1d00000,0x00000000e3980000)
  to   space 29696K, 0% used [0x00000000e4e80000,0x00000000e4e80000,0x00000000e6b80000)
 ParOldGen       total 146432K, used 58931K [0x0000000080000000, 0x0000000088f00000, 0x00000000d5580000)
  object space 146432K, 40% used [0x0000000080000000,0x000000008398cee8,0x0000000088f00000)
 Metaspace       used 102412K, capacity 107404K, committed 107696K, reserved 1142784K
  class space    used 13437K, capacity 14414K, committed 14512K, reserved 1048576K
Event: 49.743 GC heap after
Heap after GC invocations=24 (full 4):
 PSYoungGen      total 252928K, used 24539K [0x00000000d5580000, 0x00000000e7180000, 0x0000000100000000)
  eden space 223232K, 0% used [0x00000000d5580000,0x00000000d5580000,0x00000000e2f80000)
  from space 29696K, 82% used [0x00000000e4e80000,0x00000000e6676e60,0x00000000e6b80000)
  to   space 31744K, 0% used [0x00000000e2f80000,0x00000000e2f80000,0x00000000e4e80000)
 ParOldGen       total 146432K, used 58939K [0x0000000080000000, 0x0000000088f00000, 0x00000000d5580000)
  object space 146432K, 40% used [0x0000000080000000,0x000000008398eee8,0x0000000088f00000)
 Metaspace       used 102412K, capacity 107404K, committed 107696K, reserved 1142784K
  class space    used 13437K, capacity 14414K, committed 14512K, reserved 1048576K
}

